<?xml version="1.0" encoding="UTF-8"?>
<testsuite xmlns:xsi="http://www.w3.org/2001/XMLSchema-instance" xsi:noNamespaceSchemaLocation="https://maven.apache.org/surefire/maven-surefire-plugin/xsd/surefire-test-report.xsd" name="ru.netology.radio.RadioTest" time="0.022" tests="29" errors="0" skipped="0" failures="0">
  <properties>
[...]
</properties>
  <testcase name="testSetNormVolumeConstructor" classname="ru.netology.radio.RadioTest" time="0.011"/>
  <testcase name="testPrevNormalVolume" classname="ru.netology.radio.RadioTest" time="0"/>
  <testcase name="testPrevMinimalVolumeConstructor" classname="ru.netology.radio.RadioTest" time="0"/>
  <testcase name="testSetAboveMaximumVolume" classname="ru.netology.radio.RadioTest" time="0"/>
  <testcase name="testSetMaxOverOneStation" classname="ru.netology.radio.RadioTest" time="0"/>
  <testcase name="testNextMaximumVolumeConstructor" classname="ru.netology.radio.RadioTest" time="0"/>
  <testcase name="testSetNegativeStationConstructor" classname="ru.netology.radio.RadioTest" time="0"/>
  <testcase name="testNexStation" classname="ru.netology.radio.RadioTest" time="0"/>
  <testcase name="testNextMaximumVolume" classname="ru.netology.radio.RadioTest" time="0"/>
  <testcase name="testNexMaxStation" classname="ru.netology.radio.RadioTest" time="0.001"/>
  <testcase name="testSetAboveMaximumVolumeConstructor" classname="ru.netology.radio.RadioTest" time="0"/>
  <testcase name="testNexStationConstructor" classname="ru.netology.radio.RadioTest" time="0"/>
  <testcase name="testPrevStation" classname="ru.netology.radio.RadioTest" time="0"/>
  <testcase name="testPrevNormalVolumeConstructor" classname="ru.netology.radio.RadioTest" time="0"/>
  <testcase name="testPrevMinStationConstructor" classname="ru.netology.radio.RadioTest" time="0"/>
  <testcase name="testSetNormalStation" classname="ru.netology.radio.RadioTest" time="0"/>
  <testcase name="testNextNormalVolume" classname="ru.netology.radio.RadioTest" time="0.001"/>
  <testcase name="testSetNormVolume" classname="ru.netology.radio.RadioTest" time="0"/>
  <testcase name="testSetLessThanZeroVolume" classname="ru.netology.radio.RadioTest" time="0"/>
  <testcase name="testSetNormalStationConstructor" classname="ru.netology.radio.RadioTest" time="0"/>
  <testcase name="testSetLessThanZeroVolumeConstructor" classname="ru.netology.radio.RadioTest" time="0.001"/>
  <testcase name="testSetNegativeStation" classname="ru.netology.radio.RadioTest" time="0"/>
  <testcase name="testPrevMinimalVolume" classname="ru.netology.radio.RadioTest" time="0"/>
  <testcase name="testSetAboveMaxStationConstructor" classname="ru.netology.radio.RadioTest" time="0"/>
  <testcase name="testPrevMinStation" classname="ru.netology.radio.RadioTest" time="0.001"/>
  <testcase name="testNexMaxStationConstructor" classname="ru.netology.radio.RadioTest" time="0"/>
  <testcase name="testSetMinStationConstructor" classname="ru.netology.radio.RadioTest" time="0"/>
  <testcase name="testNextNormalVolumeConstructor" classname="ru.netology.radio.RadioTest" time="0"/>
  <testcase name="testPrevStationConstructor" classname="ru.netology.radio.RadioTest" time="0.001"/>
</testsuite>